INFO:  latexindent version 3.24.7, 2025-08-15, a script to indent .tex files
       latexindent lives here: /usr/local/texlive/2025/texmf-dist/scripts/latexindent/
       Sat Sep  6 21:35:42 2025
       Filename: /home/noirelab/2025.2/AEG/Algoritmos-em-Grafos-2025-2/main.tex
INFO:  Processing switches:
INFO:  Directory for backup files and log file indent.log:
       /home/noirelab/2025.2/AEG/Algoritmos-em-Grafos-2025-2
INFO:  YAML settings read: defaultSettings.yaml
       Reading defaultSettings.yaml from /usr/local/texlive/2025/texmf-dist/scripts/latexindent/defaultSettings.yaml
INFO:  YAML reading settings
       Home directory is /home/noirelab
       latexindent.pl didn't find indentconfig.yaml or .indentconfig.yaml
       see all possible locations: https://latexindentpl.readthedocs.io/en/latest/sec-appendices.html#indentconfig-options)
INFO:  Phase 1: searching for objects
INFO:  Phase 2: finding surrounding indentation
INFO:  Phase 3: indenting objects
INFO:  Phase 4: final indentation check
INFO:  Output routine:
       Not outputting to file; see -w and -o switches for more options.
       --------------
INFO:  Please direct all communication/issues to:
        https://github.com/cmhughes/latexindent.pl
