\BOOKMARK [0][-]{chapter.1}{\376\377\000I\000N\000T\000R\000O\000D\000U\000\307\000\303\000O}{}% 1
\BOOKMARK [1][-]{section.1.1}{\376\377\000D\000e\000s\000c\000r\000i\000\347\000\343\000o\000\040\000d\000o\000\040\000P\000r\000o\000b\000l\000e\000m\000a}{chapter.1}% 2
\BOOKMARK [1][-]{section.1.2}{\376\377\000E\000s\000t\000r\000u\000t\000u\000r\000a\000\040\000d\000o\000\040\000T\000r\000a\000b\000a\000l\000h\000o}{chapter.1}% 3
\BOOKMARK [0][-]{chapter.2}{\376\377\000R\000e\000p\000r\000e\000s\000e\000n\000t\000a\000\347\000\365\000e\000s\000\040\000d\000e\000\040\000u\000m\000\040\000G\000r\000a\000f\000o}{}% 4
\BOOKMARK [1][-]{section.2.1}{\376\377\000M\000a\000t\000e\000m\000\341\000t\000i\000c\000a}{chapter.2}% 5
\BOOKMARK [1][-]{section.2.2}{\376\377\000G\000e\000o\000m\000\351\000t\000r\000i\000c\000a}{chapter.2}% 6
\BOOKMARK [1][-]{section.2.3}{\376\377\000M\000a\000t\000r\000i\000z\000\040\000d\000e\000\040\000A\000d\000j\000a\000c\000\352\000n\000c\000i\000a}{chapter.2}% 7
\BOOKMARK [1][-]{section.2.4}{\376\377\000L\000i\000s\000t\000a\000\040\000d\000e\000\040\000A\000d\000j\000a\000c\000\352\000n\000c\000i\000a}{chapter.2}% 8
\BOOKMARK [1][-]{section.2.5}{\376\377\000M\000a\000t\000r\000i\000z\000\040\000d\000e\000\040\000I\000n\000c\000i\000d\000\352\000n\000c\000i\000a}{chapter.2}% 9
\BOOKMARK [1][-]{section.2.6}{\376\377\000C\000o\000n\000s\000i\000d\000e\000r\000a\000\347\000\365\000e\000s\000\040\000d\000e\000\040\000E\000f\000i\000c\000i\000\352\000n\000c\000i\000a}{chapter.2}% 10
\BOOKMARK [0][-]{chapter.3}{\376\377\000D\000e\000f\000i\000n\000i\000\347\000\365\000e\000s\000\040\000e\000m\000\040\000u\000m\000\040\000G\000r\000a\000f\000o\000\040}{}% 11
\BOOKMARK [1][-]{section.3.1}{\376\377\000T\000e\000r\000m\000i\000n\000o\000l\000o\000g\000i\000a\000s}{chapter.3}% 12
\BOOKMARK [1][-]{section.3.2}{\376\377\000T\000i\000p\000o\000s\000\040\000d\000e\000\040\000G\000r\000a\000f\000o\000s}{chapter.3}% 13
\BOOKMARK [0][-]{chapter.4}{\376\377\000O\000p\000e\000r\000a\000\347\000\365\000e\000s}{}% 14
\BOOKMARK [1][-]{section.4.1}{\376\377\000U\000n\000i\000\343\000o}{chapter.4}% 15
\BOOKMARK [1][-]{section.4.2}{\376\377\000I\000n\000t\000e\000r\000s\000e\000c\000\347\000\343\000o}{chapter.4}% 16
\BOOKMARK [1][-]{section.4.3}{\376\377\000S\000o\000m\000a}{chapter.4}% 17
\BOOKMARK [1][-]{section.4.4}{\376\377\000D\000e\000c\000o\000m\000p\000o\000s\000i\000\347\000\343\000o}{chapter.4}% 18
\BOOKMARK [1][-]{section.4.5}{\376\377\000R\000e\000m\000o\000\347\000\343\000o}{chapter.4}% 19
\BOOKMARK [1][-]{section.4.6}{\376\377\000F\000u\000s\000\343\000o\000\040\000d\000e\000\040\000v\000\351\000r\000t\000i\000c\000e\000s}{chapter.4}% 20
\BOOKMARK [1][-]{section.4.7}{\376\377\000C\000o\000n\000t\000r\000a\000\347\000\343\000o}{chapter.4}% 21
\BOOKMARK [0][-]{chapter.5}{\376\377\000B\000u\000s\000c\000a\000s}{}% 22
\BOOKMARK [1][-]{section.5.1}{\376\377\000B\000u\000s\000c\000a\000\040\000e\000m\000\040\000L\000a\000r\000g\000u\000r\000a}{chapter.5}% 23
\BOOKMARK [1][-]{section.5.2}{\376\377\000B\000u\000s\000c\000a\000\040\000e\000m\000\040\000P\000r\000o\000f\000u\000n\000d\000i\000d\000a\000d\000e}{chapter.5}% 24
\BOOKMARK [1][-]{section.5.3}{\376\377\000C\000o\000m\000p\000o\000n\000e\000n\000t\000e\000s\000\040\000F\000o\000r\000t\000e\000m\000e\000n\000t\000e\000\040\000C\000o\000n\000e\000x\000o\000s}{chapter.5}% 25
\BOOKMARK [1][-]{section.5.4}{\376\377\000C\000o\000n\000s\000i\000d\000e\000r\000a\000\347\000\365\000e\000s\000\040\000d\000e\000\040\000E\000f\000i\000c\000i\000\352\000n\000c\000i\000a}{chapter.5}% 26
\BOOKMARK [0][-]{chapter.6}{\376\377\000C\000A\000M\000I\000N\000H\000O\000\040\000M\000\315\000N\000I\000M\000O}{}% 27
\BOOKMARK [0][-]{chapter.7}{\376\377\000A\000R\000V\000O\000R\000E\000\040\000D\000E\000\040\000C\000O\000B\000E\000R\000T\000U\000R\000A\000\040\000M\000\315\000N\000I\000M\000A}{}% 28
\BOOKMARK [0][-]{chapter.8}{\376\377\000G\000R\000A\000F\000O\000S\000\040\000E\000U\000L\000E\000R\000I\000A\000N\000O\000S}{}% 29
\BOOKMARK [0][-]{chapter.9}{\376\377\000G\000R\000A\000F\000O\000S\000\040\000H\000A\000M\000I\000L\000T\000O\000N\000I\000A\000N\000O\000S}{}% 30
\BOOKMARK [0][-]{chapter.10}{\376\377\000E\000M\000P\000A\000R\000E\000L\000H\000A\000M\000E\000N\000T\000O}{}% 31
\BOOKMARK [0][-]{chapter.11}{\376\377\000P\000L\000A\000N\000A\000R\000I\000D\000A\000D\000E}{}% 32
\BOOKMARK [0][-]{chapter.12}{\376\377\000C\000O\000L\000O\000R\000A\000\307\000\303\000O\000\040\000D\000E\000\040\000V\000\311\000R\000T\000I\000C\000E\000S}{}% 33
\BOOKMARK [0][-]{chapter*.11}{\376\377\000R\000E\000F\000E\000R\000\312\000N\000C\000I\000A\000S}{}% 34
